TN:
SF:/home/runner/work/msg-bebop/msg-bebop/rust/src/context.rs
FN:19,Context::new
FN:29,Context::with_deadline
FN:42,Context::cancel
FN:52,Context::is_cancelled
FN:56,Context::value
FN:60,Context::wait_for_cancellation
FN:67,Context::has_expired
FN:75,Context::with_cancel
FN:96,Context::with_value
FN:111,Context::insert_trait
FN:115,Context::child_count
FN:119,Context::insert
FN:125,<impl Default for Context>::default
FNF:13
FNDA:5,Context::new
FNDA:1,Context::with_deadline
FNDA:1,Context::cancel
FNDA:1,Context::is_cancelled
FNDA:2,Context::value
FNDA:0,Context::wait_for_cancellation
FNDA:1,Context::has_expired
FNDA:3,Context::with_cancel
FNDA:2,Context::with_value
FNDA:1,Context::insert_trait
FNDA:1,Context::child_count
FNDA:0,Context::insert
FNDA:0,<impl Default for Context>::default
DA:19,5
DA:21,5
DA:24,10
DA:25,5
DA:29,1
DA:30,1
DA:31,1
DA:32,1
DA:34,2
DA:35,1
DA:38,2
DA:39,1
DA:42,1
DA:43,1
DA:44,1
DA:46,2
DA:47,1
DA:48,2
DA:52,1
DA:53,1
DA:56,2
DA:57,2
DA:60,0
DA:61,0
DA:62,0
DA:63,0
DA:64,0
DA:67,1
DA:68,1
DA:69,1
DA:71,0
DA:75,3
DA:76,3
DA:77,3
DA:78,3
DA:80,6
DA:81,3
DA:83,6
DA:86,3
DA:87,5
DA:88,2
DA:89,6
DA:93,3
DA:96,2
DA:98,3
DA:99,3
DA:101,5
DA:102,3
DA:104,3
DA:106,3
DA:107,6
DA:108,2
DA:111,1
DA:112,1
DA:115,1
DA:116,1
DA:119,0
DA:120,0
DA:125,0
DA:126,0
LF:60
LH:50
end_of_record
TN:
SF:/home/runner/work/msg-bebop/msg-bebop/rust/src/courier.rs
FN:31,DAO::new
FN:35,DAO::key
FN:39,DAO::prefix
FN:43,DAO::get_obj
FN:56,DAO::put_obj
FN:66,DAO::del_obj
FN:72,DAO::tx_msg_key_make
FN:76,DAO::tx_msg_key_parse
FN:82,DAO::tx_pact_key_make
FN:86,DAO::tx_pact_key_parse
FN:92,DAO::tx_event_key_prefix
FN:96,DAO::tx_event_key_make
FN:100,DAO::tx_event_key_parse
FN:121,DAO::rx_msg_key_make
FN:125,DAO::rx_msg_key_parse
FN:131,DAO::rx_receipt_key_prefix
FN:135,DAO::rx_receipt_key_make
FN:139,DAO::rx_receipt_key_parse
FN:146,DAO::rx_msg_get
FN:150,DAO::rx_msg_put
FN:154,DAO::rx_msg_del
FN:158,DAO::tx_msg_get
FN:162,DAO::tx_msg_put
FN:166,DAO::tx_msg_del
FN:170,DAO::tx_pact_get
FN:174,DAO::tx_pact_put
FN:178,DAO::tx_pact_del
FN:182,DAO::tx_event_del
FN:191,DAO::tx_event_put
FN:200,DAO::rx_receipt_get
FN:204,DAO::rx_receipt_put
FN:213,DAO::rx_receipt_del
FN:242,Courier::dao
FN:248,Courier::new
FN:286,Courier::tick
FN:411,<impl Rx for Courier>::rx
FN:491,<impl Tx for Courier>::tx
FN:513,<impl Debug for Courier>::fmt
FNF:38
FNDA:1,DAO::new
FNDA:1,DAO::key
FNDA:2,DAO::prefix
FNDA:6,DAO::get_obj
FNDA:4,DAO::put_obj
FNDA:2,DAO::del_obj
FNDA:1,DAO::tx_msg_key_make
FNDA:0,DAO::tx_msg_key_parse
FNDA:1,DAO::tx_pact_key_make
FNDA:0,DAO::tx_pact_key_parse
FNDA:2,DAO::tx_event_key_prefix
FNDA:1,DAO::tx_event_key_make
FNDA:2,DAO::tx_event_key_parse
FNDA:2,DAO::rx_msg_key_make
FNDA:0,DAO::rx_msg_key_parse
FNDA:1,DAO::rx_receipt_key_prefix
FNDA:2,DAO::rx_receipt_key_make
FNDA:0,DAO::rx_receipt_key_parse
FNDA:1,DAO::rx_msg_get
FNDA:2,DAO::rx_msg_put
FNDA:0,DAO::rx_msg_del
FNDA:2,DAO::tx_msg_get
FNDA:1,DAO::tx_msg_put
FNDA:1,DAO::tx_msg_del
FNDA:2,DAO::tx_pact_get
FNDA:1,DAO::tx_pact_put
FNDA:1,DAO::tx_pact_del
FNDA:2,DAO::tx_event_del
FNDA:1,DAO::tx_event_put
FNDA:2,DAO::rx_receipt_get
FNDA:2,DAO::rx_receipt_put
FNDA:0,DAO::rx_receipt_del
FNDA:1,Courier::dao
FNDA:1,Courier::new
FNDA:2,Courier::tick
FNDA:8,<impl Rx for Courier>::rx
FNDA:4,<impl Tx for Courier>::tx
FNDA:0,<impl Debug for Courier>::fmt
DA:19,1
DA:20,0
DA:21,0
DA:22,0
DA:31,1
DA:35,1
DA:36,1
DA:39,2
DA:40,2
DA:43,6
DA:48,6
DA:49,4
DA:50,2
DA:52,8
DA:53,4
DA:54,4
DA:56,4
DA:62,8
DA:63,4
DA:64,4
DA:66,2
DA:67,2
DA:68,2
DA:72,1
DA:73,1
DA:76,0
DA:77,0
DA:78,0
DA:82,1
DA:83,1
DA:86,0
DA:87,0
DA:88,0
DA:92,2
DA:93,2
DA:96,1
DA:97,1
DA:100,2
DA:101,2
DA:102,4
DA:103,0
DA:108,4
DA:109,2
DA:110,2
DA:111,2
DA:113,2
DA:115,2
DA:117,2
DA:118,2
DA:121,2
DA:122,2
DA:125,0
DA:126,0
DA:127,0
DA:131,1
DA:132,1
DA:135,2
DA:136,2
DA:139,0
DA:140,0
DA:141,0
DA:146,1
DA:147,2
DA:150,2
DA:151,4
DA:154,0
DA:155,0
DA:158,2
DA:159,4
DA:162,1
DA:163,2
DA:166,1
DA:167,2
DA:170,2
DA:171,4
DA:174,1
DA:175,2
DA:178,1
DA:179,2
DA:182,2
DA:188,4
DA:191,1
DA:197,2
DA:200,2
DA:201,4
DA:204,2
DA:210,4
DA:213,0
DA:214,0
DA:242,1
DA:243,1
DA:248,1
DA:260,1
DA:265,2
DA:286,2
DA:292,6
DA:295,6
DA:296,6
DA:297,2
DA:298,0
DA:300,6
DA:301,6
DA:304,4
DA:307,2
DA:313,4
DA:316,2
DA:317,2
DA:321,0
DA:327,4
DA:328,2
DA:332,0
DA:341,6
DA:343,4
DA:346,2
DA:347,2
DA:350,0
DA:351,0
DA:355,9
DA:356,0
DA:361,3
DA:362,3
DA:363,2
DA:365,2
DA:366,0
DA:367,0
DA:368,0
DA:372,0
DA:381,0
DA:382,0
DA:383,0
DA:385,0
DA:389,1
DA:411,8
DA:412,4
DA:414,2
DA:415,4
DA:418,2
DA:419,2
DA:420,1
DA:423,4
DA:424,4
DA:426,0
DA:427,0
DA:428,0
DA:431,4
DA:435,2
DA:436,2
DA:438,2
DA:440,2
DA:448,4
DA:449,0
DA:450,0
DA:453,1
DA:456,1
DA:457,1
DA:458,2
DA:459,2
DA:460,1
DA:464,2
DA:465,1
DA:466,0
DA:470,1
DA:491,4
DA:493,2
DA:494,2
DA:495,2
DA:498,1
DA:501,1
DA:502,1
DA:505,1
DA:507,1
DA:513,0
DA:514,0
DA:515,0
DA:516,0
LF:175
LH:131
end_of_record
TN:
SF:/home/runner/work/msg-bebop/msg-bebop/rust/src/db.rs
FN:8,dbtx_to_ctx
FN:12,dbtx_from_ctx
FNF:2
FNDA:1,dbtx_to_ctx
FNDA:1,dbtx_from_ctx
DA:8,1
DA:9,2
DA:12,1
DA:13,1
DA:14,3
LF:5
LH:5
end_of_record
TN:
SF:/home/runner/work/msg-bebop/msg-bebop/rust/src/db_sled.rs
FN:10,SledDB::new
FN:21,SledDBTx::new
FN:27,<impl DBTx for SledDBTx>::obj_put
FN:32,<impl DBTx for SledDBTx>::obj_get
FN:37,<impl DBTx for SledDBTx>::obj_del
FN:42,<impl DBTx for SledDBTx>::commit
FN:47,<impl DBTx for SledDBTx>::cancel
FN:51,<impl DBTx for SledDBTx>::tail_push
FN:59,<impl DBTx for SledDBTx>::tail_pop
FN:68,<impl DBTx for SledDBTx>::head_push
FN:76,<impl DBTx for SledDBTx>::head_pop
FN:85,<impl DBTx for SledDBTx>::seq_get
FN:101,<impl DB for SledDB>::dbtx_create
FN:107,<impl DB for SledDB>::flush
FNF:14
FNDA:3,SledDB::new
FNDA:2,SledDBTx::new
FNDA:2,<impl DBTx for SledDBTx>::obj_put
FNDA:3,<impl DBTx for SledDBTx>::obj_get
FNDA:2,<impl DBTx for SledDBTx>::obj_del
FNDA:2,<impl DBTx for SledDBTx>::commit
FNDA:0,<impl DBTx for SledDBTx>::cancel
FNDA:0,<impl DBTx for SledDBTx>::tail_push
FNDA:0,<impl DBTx for SledDBTx>::tail_pop
FNDA:0,<impl DBTx for SledDBTx>::head_push
FNDA:0,<impl DBTx for SledDBTx>::head_pop
FNDA:3,<impl DBTx for SledDBTx>::seq_get
FNDA:2,<impl DB for SledDB>::dbtx_create
FNDA:1,<impl DB for SledDB>::flush
DA:10,3
DA:11,5
DA:12,4
DA:21,2
DA:27,2
DA:28,2
DA:29,2
DA:32,3
DA:33,6
DA:34,12
DA:37,2
DA:38,4
DA:39,8
DA:42,2
DA:43,2
DA:44,2
DA:47,0
DA:48,0
DA:51,0
DA:52,0
DA:53,0
DA:54,0
DA:55,0
DA:56,0
DA:59,0
DA:60,0
DA:61,0
DA:62,0
DA:64,0
DA:68,0
DA:69,0
DA:70,0
DA:71,0
DA:72,0
DA:73,0
DA:76,0
DA:77,0
DA:78,0
DA:79,0
DA:81,0
DA:85,3
DA:86,9
DA:87,3
DA:88,6
DA:89,6
DA:91,0
DA:92,0
DA:93,0
DA:96,3
DA:101,2
DA:102,4
DA:103,4
DA:104,2
DA:107,1
DA:108,1
DA:109,1
LF:56
LH:29
end_of_record
TN:
SF:/home/runner/work/msg-bebop/msg-bebop/rust/src/lib.rs
FN:23,add
FNF:1
FNDA:2,add
DA:23,2
DA:24,2
LF:2
LH:2
end_of_record
TN:
SF:/home/runner/work/msg-bebop/msg-bebop/rust/src/tx_sync.rs
FN:21,SyncTx::new
FN:27,SyncTx::set_receiver
FN:35,<impl Tx for SyncTx>::tx
FNF:3
FNDA:1,SyncTx::new
FNDA:1,SyncTx::set_receiver
FNDA:8,<impl Tx for SyncTx>::tx
DA:21,1
DA:23,1
DA:27,1
DA:28,2
DA:29,1
DA:35,8
DA:36,4
DA:38,4
DA:39,4
DA:41,2
DA:42,4
DA:44,0
LF:12
LH:11
end_of_record
